GRADER: PeerProc {} createdPROCESS GET SKELETON CODE CALLED.  Fill me in! I've been doing! ( test/tmp5/targets/target4.chunkhash ,      test/tmp5/results/result4.fragment )
2023-01-12 14:14:01
!!!!!!!!!!!!!!!!!!!!!!!!!!!!!!!!one friend
1
whohas: , has: ['4055c5c46cd3bd3b37759f1b8e8c46de7e307fe6', '45121c739a3815b01ea6a817b0aa59a94ef2cdd3', '7d9de0eff08dca52e90cab8f5cddfa8cb9550406', '2f6b0fff14fb6d04b1472d6cd10c909d0af7885a']
whohas: , has: ['4055c5c46cd3bd3b37759f1b8e8c46de7e307fe6', '45121c739a3815b01ea6a817b0aa59a94ef2cdd3', '7d9de0eff08dca52e90cab8f5cddfa8cb9550406', '2f6b0fff14fb6d04b1472d6cd10c909d0af7885a']
whohas: , has: ['4055c5c46cd3bd3b37759f1b8e8c46de7e307fe6', '45121c739a3815b01ea6a817b0aa59a94ef2cdd3', '7d9de0eff08dca52e90cab8f5cddfa8cb9550406', '2f6b0fff14fb6d04b1472d6cd10c909d0af7885a']
!!!!!!!!!!!!!!!!!!!!!!!!!!!!!!!!one friend
2
ffcbf7387375ae06a87336744f6bf7f9d6e8f905
receiver all from one friend
1
8492d9ebfa75967906856426ecaf8f6fee35680d
receiver all from one friend
0
dict_keys(['ffcbf7387375ae06a87336744f6bf7f9d6e8f905', '8492d9ebfa75967906856426ecaf8f6fee35680d'])
GOT test/tmp5/results/result4.fragment
Expected chunkhash: 8492d9ebfa75967906856426ecaf8f6fee35680d
Received chunkhash: 8492d9ebfa75967906856426ecaf8f6fee35680d
Successful received: True
Congrats! You have completed the example!
