126 - Winsize
2144 - 0
2148 - 1
2152 - 1
2156 - 1
2160 - 1
2164 - 1
2168 - 1
2171 - 1
2175 - 1
2179 - 1
2182 - 1
2186 - 1
2189 - 1
2193 - 1
2196 - 1
2200 - 1
2203 - 1
2207 - 1
2210 - 1
2213 - 1
2217 - 1
2220 - 1
2223 - 1
2226 - 1
2230 - 1
2233 - 1
2236 - 1
2239 - 1
2243 - 1
2246 - 1
2249 - 1
2252 - 1
2255 - 1
2258 - 1
2261 - 1
2264 - 1
2267 - 1
2270 - 1
2272 - 1
2275 - 1
2278 - 1
2281 - 1
2283 - 1
2286 - 1
2288 - 1
2291 - 1
2293 - 1
2297 - 1
2299 - 1
2302 - 1
2304 - 1
2310 - 4
2311 - 3
2312 - 2
2315 - 1
2317 - 1
2320 - 1
2322 - 1
2325 - 1
2327 - 0
2328 - 0
2330 - 1
2333 - 1
2335 - 1
2338 - 1
2340 - 1
2343 - 0
2344 - 0
2346 - 0
2347 - 0
2349 - 0
2351 - 0
2352 - 0
2354 - 0
2369 - 10
2370 - 10
2370 - Packet Dropped!
2371 - 9
2373 - 7
2374 - 6
2375 - 5
2376 - 4
2377 - 2
2379 - 1
2380 - 1
2381 - 1
2383 - 1
2384 - 1
2385 - 1
2387 - 1
2388 - 1
2390 - 1
2391 - 1
2393 - 1
2394 - 1
2395 - 1
2397 - 1
2399 - 2
2401 - 1
2402 - 1
2404 - 2
2406 - 1
2407 - 1
2409 - 1
2410 - 1
2412 - 1
2413 - 2
2415 - 1
2416 - 1
2418 - 1
2419 - 1
2420 - 1
2422 - 1
2423 - 1
2425 - 1
2426 - 1
2427 - 1
2428 - 1
2430 - 2
2432 - 2
2434 - 1
2435 - 1
2437 - 1
2438 - 1
2439 - 1
2441 - 2
2443 - 1
2445 - 1
2446 - 1
2447 - 1
2449 - 1
2451 - 2
2453 - 1
2455 - 2
2457 - 1
2459 - 2
2462 - 2
2464 - 1
2465 - 2
2467 - 1
2469 - 1
2470 - 1
2472 - 2
2474 - 1
2475 - 1
2477 - 1
2478 - 1
2480 - 2
2483 - 2
2485 - 1
2487 - 2
2489 - 1
2491 - 2
2493 - 2
2495 - 1
2497 - 2
2498 - 1
2499 - 1
2501 - 1
2503 - 2
2505 - 2
2506 - 2
2507 - 2
2509 - 2
2511 - 2
2513 - 1
2515 - 2
2515 - 2
2516 - 2
2518 - 1
2519 - 2
2521 - 1
2523 - 1
2524 - 1
2525 - 2
2527 - 1
2529 - 2
2531 - 2
2534 - 2
2536 - 2
2537 - 2
2538 - 2
2540 - 1
2541 - 2
2542 - 2
2544 - 1
2546 - 1
2547 - 2
2548 - 2
2551 - 2
2553 - 1
2554 - 2
2556 - 2
2558 - 1
2560 - 2
2562 - 1
2563 - 2
2565 - 2
2567 - 1
2569 - 2
2570 - 2
2572 - 1
2573 - 2
2575 - 1
2577 - 2
2578 - 2
2580 - 2
2582 - 2
2585 - 2
2587 - 2
2589 - 2
2592 - 3
2593 - 2
2594 - 2
2595 - 2
2597 - 2
2599 - 1
2601 - 2
2603 - 1
2604 - 1
2605 - 1
2607 - 1
2608 - 1
2610 - 1
2611 - 1
2613 - 1
2614 - 2
2616 - 2
2617 - 2
2619 - 2
2620 - 2
2622 - 2
2625 - 2
2626 - 2
2628 - 2
2629 - 2
2631 - 2
2633 - 2
2634 - 2
2635 - 2
2637 - 2
2638 - 2
2641 - 2
2642 - 2
2643 - 2
2644 - 2
2646 - 2
2648 - 1
2650 - 2
2651 - 1
2653 - 1
2654 - 1
2655 - 1
2657 - 2
2658 - 2
2660 - 2
2661 - 2
2662 - 2
2665 - 2
2666 - 2
2667 - 2
2669 - 2
2670 - 2
2672 - 3
2673 - 2
2674 - 2
2676 - 1
2677 - 2
2679 - 2
2681 - 2
2683 - 2
2684 - 2
2687 - 2
2688 - 2
2689 - 2
2691 - 2
2692 - 2
2694 - 2
2696 - 2
2697 - 2
2698 - 2
2700 - 2
2701 - 2
2703 - 2
2705 - 2
2706 - 2
2707 - 2
2709 - 2
2711 - 2
2712 - 2
2714 - 2
2715 - 2
2716 - 2
2717 - 2
2720 - 2
2721 - 2
2723 - 2
2724 - 2
2726 - 2
2727 - 2
2729 - 2
2730 - 2
2731 - 2
2732 - 2
2733 - 2
2734 - 2
2737 - 2
2738 - 2
2739 - 2
2741 - 2
2742 - 2
2743 - 2
2746 - 2
2747 - 2
2748 - 2
2750 - 2
2751 - 2
2752 - 2
2753 - 2
2754 - 2
2755 - 2
2756 - 2
2758 - 2
2760 - 2
2762 - 2
2764 - 2
2765 - 2
2768 - 2
2769 - 2
2770 - 2
2772 - 2
2774 - 2
2775 - 2
2776 - 2
2777 - 2
2778 - 2
2779 - 2
2782 - 2
2783 - 2
2784 - 2
2786 - 2
2788 - 2
2789 - 2
2790 - 2
2791 - 2
2792 - 2
2793 - 2
2796 - 2
2797 - 2
2798 - 2
2799 - 2
5469 - 0
